     1                                  section .data
     2 00000000 48656C6C6F20776F72-         helo db 'Hello world!'
     2 00000009 6C6421             
     3 0000000C 7375636365737321            scss dw 'success!'
     4 00000014 776572652073637265-         boom dw 'were screwed'
     4 0000001D 776564             
     5                                  
     6                                  
     7                                  section .text
     8                                      global _start
     9                                  
    10                                      _start:
    11 00000000 B801000000                  mov rax,1
    12 00000005 BF01000000                  mov rdi,1
    13 0000000A 48BE-                       mov rsi, helo
    13 0000000C [0000000000000000] 
    14 00000014 BA0C000000                  mov rdx, 12
    15 00000019 0F05                        syscall
    16                                  
    17                                  
    18 0000001B 4883F80C                    cmp rax, 12
    19                                      ;подготавливаемся к выводу отчета
    20 0000001F B801000000                  mov rax,1
    21 00000024 BF01000000                  mov rdi, 1
    22                                  
    23 00000029 7518                        jne bad
    24                                  
    25                                      good:
    26 0000002B 48BE-                           mov rsi, scss
    26 0000002D [0C00000000000000] 
    27 00000035 BA08000000                      mov rdx, 8
    28 0000003A BF00000000                      mov rdi, 0 
    29 0000003F 0F05                            syscall
    30 00000041 EB16                            jmp exit
    31                                  
    32                                      bad:
    33 00000043 48BE-                           mov rsi, boom
    33 00000045 [1400000000000000] 
    34 0000004D BA0C000000                      mov rdx, 12
    35 00000052 BF01000000                      mov rdi,1
    36 00000057 0F05                            syscall
    37                                  
    38                                      exit:
    39 00000059 B83C000000                      mov rax, 60
    40 0000005E 0F05                            syscall
